9.400000
11.400000
9.500000
10.400000
8.500000
10.100000
10.400000
10.000000
11.700000
8.200000
11.100000
10.700000
9.900000
10.900000
10.600000
9.200000
9.900000
8.500000
10.700000
10.300000
9.800000
10.600000
9.700000
9.900000
11.300000
10.100000
10.600000
10.300000
9.200000
11.400000
9.600000
10.400000
9.400000
10.000000
10.600000
9.900000
8.800000
9.800000
10.400000
10.100000
11.000000
10.900000
11.100000
9.500000
10.500000
9.400000
9.000000
8.000000
10.300000
9.400000
9.300000
8.300000
9.600000
8.800000
10.500000
10.300000
11.300000
9.600000
9.900000
9.700000
10.500000
8.500000
9.000000
10.600000
10.500000
10.600000
10.200000
11.200000
9.800000
9.800000
10.000000
9.300000
9.200000
9.600000
8.700000
10.000000
9.900000
9.400000
10.200000
10.000000
9.800000
10.300000
10.000000
9.700000
9.800000
9.500000
8.300000
10.100000
10.500000
9.200000
10.400000
9.700000
10.800000
11.000000
10.900000
10.000000
10.000000
9.200000
10.800000
10.500000
