FA: 11.600000
FA: 11.800000
FA: 12.300000
FA: 12.300000
FA: 12.400000
FA: 12.200000
FA: 11.900000
FA: 12.000000
FA: 11.600000
FA: 11.800000
FA: 11.600000
FA: 12.200000
FA: 12.700000
FA: 11.800000
FA: 11.600000
FA: 12.600000
FA: 11.800000
FA: 12.200000
FA: 12.800000
FA: 11.800000
FA: 12.400000
FA: 12.200000
FA: 11.800000
FA: 12.300000
FA: 12.000000
FA: 11.600000
FA: 11.600000
FA: 11.600000
FA: 11.600000
FA: 11.600000
FA: 11.600000
FA: 12.400000
FA: 11.700000
FA: 12.200000
FA: 11.600000
FA: 12.000000
FA: 12.500000
FA: 12.400000
FA: 11.800000
FA: 12.200000
FA: 11.800000
FA: 12.200000
FA: 11.600000
FA: 12.000000
FA: 12.300000
FA: 11.600000
FA: 11.600000
FA: 12.400000
FA: 12.000000
FA: 12.000000
FA: 12.000000
FA: 12.000000
FA: 11.600000
FA: 12.400000
FA: 11.600000
FA: 12.100000
FA: 11.800000
FA: 12.200000
FA: 11.800000
FA: 11.600000
FA: 12.200000
FA: 12.000000
FA: 11.900000
FA: 12.000000
FA: 12.200000
FA: 12.800000
FA: 11.600000
FA: 11.800000
FA: 11.600000
FA: 12.100000
FA: 12.300000
FA: 13.000000
FA: 12.000000
FA: 12.400000
FA: 11.800000
FA: 12.400000
FA: 11.900000
FA: 11.800000
FA: 11.600000
FA: 12.600000
FA: 11.800000
FA: 12.200000
FA: 12.400000
FA: 12.600000
FA: 12.000000
FA: 11.800000
FA: 11.600000
FA: 11.400000
FA: 12.000000
FA: 11.400000
FA: 12.000000
FA: 12.500000
FA: 11.800000
FA: 11.600000
FA: 12.100000
FA: 12.000000
FA: 12.000000
FA: 11.400000
FA: 12.000000
FA: 11.400000
